1 0.687021 0.687021 1.08238 0 0.395359
0 0.3774 0.3774 1.30712 0 0.929717
2 0.742542 1.08238 3.81534 0.339838 2.73296
3 0.973445 1.30712 4.15204 0.333672 2.84492
4 1.18775 3.81534 4.741 2.62759 0.925661
5 1.22004 4.15204 6.05852 2.932 1.90648
6 1.36067 4.741 6.85683 3.38033 2.11583
8 1.79186 6.85683 8.11266 5.06497 1.25583
7 1.73484 6.05852 8.44943 4.32368 2.39091
10 2.09443 8.44943 8.75817 6.355 0.30874
9 1.89207 8.11266 9.03102 6.2206 0.918361
11 2.48831 8.75817 9.94836 6.26986 1.19019
13 3.03909 9.94836 10.2061 6.90927 0.257713
12 2.84336 9.03102 11.1052 6.18766 2.07415
18 3.84122 10.2061 14.2644 6.36485 4.05838
22 4.31001 11.1052 16.1481 6.79517 5.04295
25 4.77339 14.2644 19.9691 9.49105 5.7047
30 6.26179 16.1481 20.2395 9.88633 4.09139
37 8.12441 20.2395 25.72 12.1151 5.48053
33 6.93371 19.9691 25.7922 13.0354 5.823
40 8.84984 25.7922 30.1048 16.9423 4.31262
41 9.13251 30.1048 32.2551 20.9723 2.15029
38 8.51903 25.72 32.8893 17.201 7.16927
48 10.5009 32.8893 34.6507 22.3884 1.76142
45 10.0453 32.2551 35.5434 22.2098 3.28835
61 14.5222 35.5434 36.0438 21.0212 0.50035
69 16.4119 36.0438 37.9242 19.6318 1.88042
50 11.192 34.6507 41.1526 23.4587 6.50187
85 20.0792 37.9242 43.1321 17.845 5.20795
114 25.9117 43.1321 44.3963 17.2204 1.2642
86 20.4146 41.1526 44.6776 20.7381 3.52498
115 26.265 44.3963 47.2458 18.1313 2.84948
