1 0.687021 0.687021 1.47774 0 0.790718
0 0.3774 0.3774 2.23683 0 1.85943
10 2.09443 2.09443 2.71191 0 0.617481
4 1.18775 1.18775 3.03907 0 1.85132
13 3.03909 3.03909 3.55451 0 0.515427
9 1.89207 1.89207 3.72879 0 1.83672
8 1.79186 1.79186 4.30352 0 2.51166
15 3.53399 3.72879 4.79715 0.194801 1.06836
11 2.48831 2.48831 4.86869 0 2.38037
5 1.22004 1.22004 5.03301 0 3.81296
6 1.36067 1.36067 5.59232 0 4.23165
2 0.742542 0.742542 6.20847 0 5.46593
7 1.73484 1.73484 6.51666 0 4.78182
3 0.973445 0.973445 6.66329 0 5.68984
17 3.69807 4.79715 6.83177 1.09907 2.03462
24 4.57028 6.83177 6.90966 2.26149 0.0778888
12 2.84336 2.84336 6.99167 0 4.1483
14 3.41643 3.55451 7.28253 0.138087 3.72801
23 4.42143 6.66329 7.3824 2.24185 0.71911
28 5.61031 7.3824 8.50479 1.77209 1.1224
16 3.6636 4.30352 12.1552 0.639918 7.85165
19 3.95558 5.03301 12.6595 1.07743 7.62651
21 4.13793 6.20847 12.6969 2.07054 6.48845
18 3.84122 4.86869 12.9854 1.02746 8.11676
27 5.33729 7.28253 15.4646 1.94523 8.1821
31 6.61671 12.6595 16.0472 6.0428 3.38767
35 7.51387 16.0472 16.1486 8.53331 0.101421
20 3.96736 5.59232 16.248 1.62496 10.6556
32 6.84151 12.6969 16.5145 5.85541 3.81753
22 4.31001 6.51666 16.6026 2.20665 10.0859
29 5.89719 8.50479 16.6112 2.60761 8.10645
26 5.02153 6.99167 17.8264 1.97013 10.8347
25 4.77339 6.90966 18.3191 2.13626 11.4094
30 6.26179 12.1552 20.338 5.89338 8.18278
57 13.2985 20.338 20.694 7.03943 0.356024
39 8.74119 16.6026 20.8982 7.86137 4.29563
36 7.72665 16.1486 24.1333 8.42195 7.98473
33 6.93371 12.9854 24.6315 6.05173 11.646
54 12.3373 16.6112 25.7534 4.27394 9.14217
34 7.18041 15.4646 25.81 8.28422 10.3454
37 8.12441 16.248 27.209 8.12354 10.9611
69 16.4119 24.1333 27.8942 7.7214 3.76085
64 15.4994 20.694 29.0848 5.19462 8.3908
71 16.962 25.7534 30.3821 8.79139 4.62868
38 8.51903 16.5145 30.853 7.99542 14.3385
55 12.7313 17.8264 31.0284 5.09509 13.202
76 18.1309 27.8942 31.619 9.76326 3.72481
72 17.0073 25.81 31.8912 8.80272 6.08117
56 13.003 18.3191 32.3356 5.31603 14.0165
90 21.2121 31.0284 33.0716 9.81635 2.04317
104 24.2945 31.619 34.6659 7.32448 3.04696
114 25.9117 32.3356 34.864 6.42386 2.5284
106 24.64 31.8912 37.0597 7.2512 5.1685
86 20.4146 30.3821 37.4321 9.96755 7.04996
115 26.265 33.0716 38.7705 6.80655 5.69896
68 16.1193 20.8982 38.8027 4.7789 17.9045
78 18.6521 29.0848 39.5329 10.4327 10.4481
73 17.2125 27.209 39.7041 9.99648 12.4951
70 16.7755 24.6315 40.765 7.85597 16.1335
87 20.6941 30.853 40.9969 10.1589 10.1439
