0 0.3774 0.3774 1.30712 0 0.929717
1 0.687021 1.30712 1.70248 0.620096 0.395359
2 0.742542 1.70248 4.43544 0.959933 2.73296
3 0.973445 4.43544 7.28036 3.46199 2.84492
4 1.18775 7.28036 8.20602 6.09261 0.925661
5 1.22004 8.20602 10.1125 6.98598 1.90648
6 1.36067 10.1125 12.2283 8.75183 2.11583
7 1.73484 12.2283 14.6192 10.4935 2.39091
8 1.79186 14.6192 15.8751 12.8274 1.25583
9 1.89207 15.8751 16.7934 13.983 0.918361
10 2.09443 16.7934 17.1022 14.699 0.30874
11 2.48831 17.1022 18.2924 14.6139 1.19019
12 2.84336 18.2924 20.3665 15.449 2.07415
24 4.57028 20.3665 20.4055 15.7962 0.0389444
35 7.51387 20.4055 20.4562 12.8916 0.0507105
38 8.51903 20.4562 27.6254 11.9371 7.16927
46 10.1343 27.6254 28.0482 17.4912 0.422734
54 12.3373 28.0482 32.6193 15.7109 4.57109
62 14.8792 32.6193 33.441 17.7401 0.821692
67 15.9905 33.441 41.1281 17.4504 7.68711
71 16.962 41.1281 43.4424 24.166 2.31434
73 17.2125 43.4424 49.6899 26.2299 6.24755
78 18.6521 49.6899 54.914 31.0378 5.22405
86 20.4146 54.914 58.439 34.4994 3.52498
87 20.6941 58.439 63.5109 37.7449 5.07194
88 20.805 63.5109 68.9703 42.7059 5.45937
