sim_time  curr_event  next_req(a,s)  num_waiting  next_event
1  ARRIVAL     (INF,INF)   0   NONE
2  ARRIVAL     (INF,INF)   0   DEPARTURE
3.5  DEPARTURE   (INF,INF)   0   ARRIVAL
3.5  ARRIVAL     (INF,INF)   0   DEPARTURE
3.75  ARRIVAL     (INF,INF)   0   DEPARTURE
4  ARRIVAL     (3.75,10)   1   DEPARTURE
4.5  DEPARTURE   (3.75,10)   2   DEPARTURE
5.5  DEPARTURE   (4,3)   1   DEPARTURE
8.5  DEPARTURE   (INF,INF)   0   DEPARTURE
14.5  DEPARTURE   (INF,INF)   0   NONE
Number of requests arrived (including dropped):5
Number of requests serviced:5
Number of requests dropped:0
Average waiting time:0.45
Average service time:4
90%ile of waiting time:1.5
Maximum waiting time:1.5
Max queue length reached:2
Average operating speed of the server:1
90%ile of speed:1