sim_time  curr_event  next_req(a,s)  num_waiting  next_event
0.3774  ARRIVAL     (INF,INF)   0   NONE
0.687021  ARRIVAL     (INF,INF)   0   DEPARTURE
0.742542  ARRIVAL     (INF,INF)   0   DEPARTURE
0.973445  ARRIVAL     (INF,INF)   0   DEPARTURE
1.08238  DEPARTURE   (INF,INF)   0   ARRIVAL
1.18775  ARRIVAL     (INF,INF)   0   DEPARTURE
1.22004  ARRIVAL     (INF,INF)   0   DEPARTURE
1.30712  DEPARTURE   (INF,INF)   0   ARRIVAL
1.36067  ARRIVAL     (INF,INF)   0   DEPARTURE
1.73484  ARRIVAL     (INF,INF)   0   DEPARTURE
1.79186  ARRIVAL     (INF,INF)   0   DEPARTURE
1.89207  ARRIVAL     (INF,INF)   0   DEPARTURE
2.09443  ARRIVAL     (INF,INF)   0   DEPARTURE
2.11341  DEPARTURE   (INF,INF)   0   DEPARTURE
2.40317  DEPARTURE   (INF,INF)   0   ARRIVAL
2.48831  ARRIVAL     (INF,INF)   0   DEPARTURE
2.81043  DEPARTURE   (INF,INF)   0   ARRIVAL
2.84336  ARRIVAL     (INF,INF)   0   DEPARTURE
3.03909  ARRIVAL     (INF,INF)   0   DEPARTURE
3.04769  DEPARTURE   (INF,INF)   0   DEPARTURE
3.12652  DEPARTURE   (INF,INF)   0   DEPARTURE
3.2968  DEPARTURE   (INF,INF)   0   ARRIVAL
3.41643  ARRIVAL     (INF,INF)   0   DEPARTURE
3.4755  DEPARTURE   (INF,INF)   0   DEPARTURE
3.4765  DEPARTURE   (INF,INF)   0   ARRIVAL
3.53399  ARRIVAL     (INF,INF)   0   DEPARTURE
3.6636  ARRIVAL     (INF,INF)   0   DEPARTURE
3.6785  DEPARTURE   (INF,INF)   0   ARRIVAL
3.69807  ARRIVAL     (INF,INF)   0   DEPARTURE
3.81837  DEPARTURE   (INF,INF)   0   ARRIVAL
3.84122  ARRIVAL     (INF,INF)   0   DEPARTURE
3.95558  ARRIVAL     (INF,INF)   0   DEPARTURE
3.96736  ARRIVAL     (INF,INF)   0   DEPARTURE
4.06817  DEPARTURE   (INF,INF)   0   DEPARTURE
4.12575  DEPARTURE   (INF,INF)   0   ARRIVAL
4.13793  ARRIVAL     (INF,INF)   0   DEPARTURE
4.31001  ARRIVAL     (INF,INF)   0   DEPARTURE
4.42143  ARRIVAL     (INF,INF)   0   DEPARTURE
4.57028  ARRIVAL     (INF,INF)   0   DEPARTURE
4.71539  DEPARTURE   (4.57028,0.0389444)   1   ARRIVAL
4.75433  DEPARTURE   (INF,INF)   0   ARRIVAL
4.77339  ARRIVAL     (INF,INF)   0   DEPARTURE
4.78099  DEPARTURE   (INF,INF)   0   DEPARTURE
4.91751  DEPARTURE   (INF,INF)   0   ARRIVAL
5.02153  ARRIVAL     (INF,INF)   0   DEPARTURE
5.28043  DEPARTURE   (INF,INF)   0   ARRIVAL
5.33729  ARRIVAL     (INF,INF)   0   DEPARTURE
5.61031  ARRIVAL     (INF,INF)   0   DEPARTURE
5.89719  ARRIVAL     (INF,INF)   0   DEPARTURE
6.1715  DEPARTURE   (5.89719,4.05323)   1   ARRIVAL
6.26179  ARRIVAL     (INF,INF)   0   DEPARTURE
6.61671  ARRIVAL     (6.26179,4.09139)   1   DEPARTURE
6.84151  ARRIVAL     (6.26179,4.09139)   2   DEPARTURE
6.93371  ARRIVAL     (6.26179,4.09139)   3   DEPARTURE
7.18041  ARRIVAL     (6.26179,4.09139)   4   DEPARTURE
7.38215  DEPARTURE   (6.26179,4.09139)   5   ARRIVAL
7.51387  ARRIVAL     (6.61671,1.69384)   4   DEPARTURE
7.58943  DEPARTURE   (6.61671,1.69384)   5   ARRIVAL
7.72665  ARRIVAL     (6.84151,1.90877)   4   DEPARTURE
7.76883  DEPARTURE   (6.84151,1.90877)   5   DEPARTURE
7.8996  DEPARTURE   (6.93371,5.823)   4   ARRIVAL
8.12441  ARRIVAL     (7.18041,5.17269)   3   DEPARTURE
8.51903  ARRIVAL     (7.18041,5.17269)   4   DEPARTURE
8.74119  ARRIVAL     (7.18041,5.17269)   5   DEPARTURE
8.84984  ARRIVAL     (7.18041,5.17269)   6   DEPARTURE
9.13251  ARRIVAL     (7.18041,5.17269)   7   DEPARTURE
9.2628  ARRIVAL     (7.18041,5.17269)   8   DEPARTURE
9.28326  DEPARTURE   (7.18041,5.17269)   9   DEPARTURE
9.29518  DEPARTURE   (7.51387,0.0507105)   8   DEPARTURE
9.34589  DEPARTURE   (7.72665,3.99237)   7   DEPARTURE
9.35295  DEPARTURE   (8.12441,5.48053)   6   DEPARTURE
9.42834  DEPARTURE   (8.51903,7.16927)   5   ARRIVAL
9.51444  ARRIVAL     (8.74119,2.14782)   4   DEPARTURE
9.6776  DEPARTURE   (8.74119,2.14782)   5   ARRIVAL
9.89419  ARRIVAL     (8.84984,4.31262)   4   DEPARTURE
10.0453  ARRIVAL     (8.84984,4.31262)   5   DEPARTURE
10.1343  ARRIVAL     (8.84984,4.31262)   6   DEPARTURE
10.1914  ARRIVAL     (8.84984,4.31262)   7   DEPARTURE
10.2247  DEPARTURE   (8.84984,4.31262)   8   DEPARTURE
10.4389  DEPARTURE   (9.13251,2.15029)   7   DEPARTURE
10.4781  DEPARTURE   (9.2628,6.33259)   6   ARRIVAL
10.5009  ARRIVAL     (9.51444,6.9613)   5   DEPARTURE
10.8276  ARRIVAL     (9.51444,6.9613)   6   DEPARTURE
11.192  ARRIVAL     (9.51444,6.9613)   7   DEPARTURE
11.4735  DEPARTURE   (9.51444,6.9613)   8   ARRIVAL
11.5673  ARRIVAL     (9.89419,2.801)   7   DEPARTURE
11.7251  ARRIVAL     (9.89419,2.801)   8   DEPARTURE
11.8254  DEPARTURE   (9.89419,2.801)   9   ARRIVAL
12.0483  ARRIVAL     (10.0453,3.28835)   8   DEPARTURE
12.3373  ARRIVAL     (10.0453,3.28835)   9   DEPARTURE
12.5892  DEPARTURE   (10.0453,3.28835)   10   ARRIVAL
12.7313  ARRIVAL     (10.1343,0.422734)   9   DEPARTURE
13.003  ARRIVAL     (10.1343,0.422734)   10   DEPARTURE
13.2985  ARRIVAL     (10.1343,0.422734)   10   DEPARTURE
13.3383  DEPARTURE   (10.1343,0.422734)   10   ARRIVAL
13.4838  ARRIVAL     (10.1914,8.67199)   9   DEPARTURE
13.7226  DEPARTURE   (10.1914,8.67199)   10   DEPARTURE
13.761  DEPARTURE   (10.5009,1.76142)   9   ARRIVAL
13.8678  ARRIVAL     (10.8276,3.55263)   8   DEPARTURE
14.2466  ARRIVAL     (10.8276,3.55263)   9   DEPARTURE
14.456  DEPARTURE   (10.8276,3.55263)   10   ARRIVAL
14.5222  ARRIVAL     (11.192,6.50187)   9   DEPARTURE
14.5374  DEPARTURE   (11.192,6.50187)   10   DEPARTURE
14.6264  DEPARTURE   (11.5673,7.40636)   9   DEPARTURE
14.8335  DEPARTURE   (11.7251,5.49723)   8   ARRIVAL
14.8792  ARRIVAL     (12.0483,0.421815)   7   DEPARTURE
15.2784  ARRIVAL     (12.0483,0.421815)   8   DEPARTURE
15.4994  ARRIVAL     (12.0483,0.421815)   9   DEPARTURE
15.5224  DEPARTURE   (12.0483,0.421815)   10   ARRIVAL
15.7662  ARRIVAL     (12.3373,4.57109)   9   DEPARTURE
15.8736  ARRIVAL     (12.3373,4.57109)   10   DEPARTURE
15.8775  DEPARTURE   (12.3373,4.57109)   10   DEPARTURE
15.9442  DEPARTURE   (12.7313,6.601)   9   ARRIVAL
15.9905  ARRIVAL     (13.4838,5.18962)   8   DEPARTURE
16.1193  ARRIVAL     (13.4838,5.18962)   9   DEPARTURE
16.4119  ARRIVAL     (13.4838,5.18962)   10   DEPARTURE
16.5976  DEPARTURE   (13.4838,5.18962)   10   ARRIVAL
16.7755  ARRIVAL     (13.8678,7.26054)   9   DEPARTURE
16.8107  DEPARTURE   (13.8678,7.26054)   10   ARRIVAL
16.962  ARRIVAL     (14.2466,7.48956)   9   DEPARTURE
17.0073  ARRIVAL     (14.2466,7.48956)   10   DEPARTURE
17.2125  ARRIVAL     (14.2466,7.48956)   10   DEPARTURE
17.5461  ARRIVAL     (14.2466,7.48956)   10   DEPARTURE
17.8056  ARRIVAL     (14.2466,7.48956)   10   DEPARTURE
18.0086  DEPARTURE   (14.2466,7.48956)   10   ARRIVAL
18.1309  ARRIVAL     (14.5222,0.50035)   9   DEPARTURE
18.2708  ARRIVAL     (14.5222,0.50035)   10   DEPARTURE
18.4348  DEPARTURE   (14.5222,0.50035)   10   ARRIVAL
18.6521  ARRIVAL     (14.8792,0.821692)   9   DEPARTURE
18.8132  ARRIVAL     (14.8792,0.821692)   10   DEPARTURE
18.9352  DEPARTURE   (14.8792,0.821692)   10   ARRIVAL
19.2031  ARRIVAL     (15.2784,2.03712)   9   DEPARTURE
19.4107  ARRIVAL     (15.2784,2.03712)   10   DEPARTURE
19.5764  ARRIVAL     (15.2784,2.03712)   10   DEPARTURE
19.6622  ARRIVAL     (15.2784,2.03712)   10   DEPARTURE
19.7069  ARRIVAL     (15.2784,2.03712)   10   DEPARTURE
19.7569  DEPARTURE   (15.2784,2.03712)   10   ARRIVAL
20.0792  ARRIVAL     (15.4994,4.1954)   9   DEPARTURE
20.3307  DEPARTURE   (15.4994,4.1954)   10   ARRIVAL
20.4146  ARRIVAL     (15.7662,0.718934)   9   DEPARTURE
20.4486  DEPARTURE   (15.7662,0.718934)   10   ARRIVAL
20.6941  ARRIVAL     (15.9905,7.68711)   9   DEPARTURE
20.805  ARRIVAL     (15.9905,7.68711)   10   DEPARTURE
20.8283  ARRIVAL     (15.9905,7.68711)   10   DEPARTURE
21.0392  DEPARTURE   (15.9905,7.68711)   10   DEPARTURE
21.1676  DEPARTURE   (16.1193,8.95227)   9   ARRIVAL
21.2121  ARRIVAL     (16.7755,8.06677)   8   DEPARTURE
21.5705  ARRIVAL     (16.7755,8.06677)   9   DEPARTURE
21.5841  ARRIVAL     (16.7755,8.06677)   10   DEPARTURE
21.6634  ARRIVAL     (16.7755,8.06677)   10   DEPARTURE
21.7872  DEPARTURE   (16.7755,8.06677)   10   DEPARTURE
21.794  DEPARTURE   (16.962,2.31434)   9   ARRIVAL
22.0156  ARRIVAL     (18.1309,1.8624)   8   DEPARTURE
22.0328  DEPARTURE   (18.1309,1.8624)   9   ARRIVAL
22.1701  ARRIVAL     (18.6521,5.22405)   8   DEPARTURE
22.3736  ARRIVAL     (18.6521,5.22405)   9   DEPARTURE
22.3946  DEPARTURE   (18.6521,5.22405)   10   DEPARTURE
22.5452  DEPARTURE   (19.2031,1.65216)   9   ARRIVAL
22.7201  ARRIVAL     (20.0792,5.20795)   8   DEPARTURE
22.7685  ARRIVAL     (20.0792,5.20795)   9   DEPARTURE
23.1476  ARRIVAL     (20.0792,5.20795)   10   DEPARTURE
23.5202  ARRIVAL     (20.0792,5.20795)   10   DEPARTURE
23.6674  ARRIVAL     (20.0792,5.20795)   10   DEPARTURE
23.8952  DEPARTURE   (20.0792,5.20795)   10   ARRIVAL
24.0401  ARRIVAL     (20.4146,3.52498)   9   DEPARTURE
24.0712  DEPARTURE   (20.4146,3.52498)   10   ARRIVAL
24.1077  ARRIVAL     (20.6941,5.07194)   9   DEPARTURE
24.1083  DEPARTURE   (20.6941,5.07194)   10   DEPARTURE
24.1974  DEPARTURE   (21.2121,1.02159)   9   ARRIVAL
24.2945  ARRIVAL     (21.5705,2.71546)   8   DEPARTURE
24.5261  DEPARTURE   (21.5705,2.71546)   9   ARRIVAL
24.5895  ARRIVAL     (22.0156,3.57722)   8   DEPARTURE
24.64  ARRIVAL     (22.0156,3.57722)   9   DEPARTURE
24.9907  ARRIVAL     (22.0156,3.57722)   10   DEPARTURE
25.0046  ARRIVAL     (22.0156,3.57722)   10   DEPARTURE
25.1807  ARRIVAL     (22.0156,3.57722)   10   DEPARTURE
25.219  DEPARTURE   (22.0156,3.57722)   10   ARRIVAL
25.2593  ARRIVAL     (22.1701,5.48744)   9   DEPARTURE
25.4981  DEPARTURE   (22.1701,5.48744)   10   ARRIVAL
25.5157  ARRIVAL     (22.3736,4.85614)   9   DEPARTURE
25.6271  ARRIVAL     (22.3736,4.85614)   10   DEPARTURE
25.6343  ARRIVAL     (22.3736,4.85614)   10   DEPARTURE
25.9117  ARRIVAL     (22.3736,4.85614)   10   DEPARTURE
26.265  ARRIVAL     (22.3736,4.85614)   10   DEPARTURE
26.4826  ARRIVAL     (22.3736,4.85614)   10   DEPARTURE
27.2416  DEPARTURE   (22.3736,4.85614)   10   DEPARTURE
27.5962  DEPARTURE   (22.7201,2.16676)   9   DEPARTURE
27.6186  DEPARTURE   (22.7685,0.474087)   8   DEPARTURE
28.0927  DEPARTURE   (24.0401,0.118355)   7   DEPARTURE
28.2111  DEPARTURE   (24.1077,0.574266)   6   DEPARTURE
28.7263  DEPARTURE   (24.2945,1.52348)   5   DEPARTURE
28.7854  DEPARTURE   (24.5895,1.80751)   4   DEPARTURE
28.7962  DEPARTURE   (24.64,2.58425)   3   DEPARTURE
29.1031  DEPARTURE   (25.2593,1.66008)   2   DEPARTURE
29.1803  DEPARTURE   (25.5157,0.288375)   1   DEPARTURE
29.4687  DEPARTURE   (9.17764e-313,9.2628)   0   DEPARTURE
29.763  DEPARTURE   (9.17764e-313,9.2628)   0   DEPARTURE
29.854  DEPARTURE   (9.17764e-313,9.2628)   0   DEPARTURE
30.1198  DEPARTURE   (9.17764e-313,9.2628)   0   DEPARTURE
30.2498  DEPARTURE   (9.17764e-313,9.2628)   0   DEPARTURE
30.5929  DEPARTURE   (9.17764e-313,9.2628)   0   DEPARTURE
30.7632  DEPARTURE   (9.17764e-313,9.2628)   0   DEPARTURE
30.9856  DEPARTURE   (9.17764e-313,9.2628)   0   DEPARTURE
31.3804  DEPARTURE   (9.17764e-313,9.2628)   0   DEPARTURE
32.0977  DEPARTURE   (9.17764e-313,9.2628)   0   NONE
Number of requests arrived (including dropped):117
Number of requests serviced:88
Number of requests dropped:29
Average waiting time:2.11121
Average service time:3.23543
90%ile of waiting time:4.68239
Maximum waiting time:5.04873
Max queue length reached:10
Average operating speed of the server:1
90%ile of speed:1