                                      1 ;--------------------------------------------------------
                                      2 ; File Created by SDCC : free open source ANSI-C Compiler
                                      3 ; Version 3.4.0 #8981 (Apr  5 2014) (MINGW64)
                                      4 ; This file was generated Wed Feb 11 16:33:28 2015
                                      5 ;--------------------------------------------------------
                                      6 	.module serial
                                      7 	.optsdcc -mmcs51 --model-small
                                      8 	
                                      9 ;--------------------------------------------------------
                                     10 ; Public variables in this module
                                     11 ;--------------------------------------------------------
                                     12 	.globl _main
                                     13 	.globl _CY
                                     14 	.globl _AC
                                     15 	.globl _F0
                                     16 	.globl _RS1
                                     17 	.globl _RS0
                                     18 	.globl _OV
                                     19 	.globl _FL
                                     20 	.globl _P
                                     21 	.globl _TF2
                                     22 	.globl _EXF2
                                     23 	.globl _RCLK
                                     24 	.globl _TCLK
                                     25 	.globl _EXEN2
                                     26 	.globl _TR2
                                     27 	.globl _C_T2
                                     28 	.globl _CP_RL2
                                     29 	.globl _T2CON_7
                                     30 	.globl _T2CON_6
                                     31 	.globl _T2CON_5
                                     32 	.globl _T2CON_4
                                     33 	.globl _T2CON_3
                                     34 	.globl _T2CON_2
                                     35 	.globl _T2CON_1
                                     36 	.globl _T2CON_0
                                     37 	.globl _PT2
                                     38 	.globl _PS
                                     39 	.globl _PT1
                                     40 	.globl _PX1
                                     41 	.globl _PT0
                                     42 	.globl _PX0
                                     43 	.globl _RD
                                     44 	.globl _WR
                                     45 	.globl _T1
                                     46 	.globl _T0
                                     47 	.globl _INT1
                                     48 	.globl _INT0
                                     49 	.globl _TXD
                                     50 	.globl _RXD
                                     51 	.globl _P3_7
                                     52 	.globl _P3_6
                                     53 	.globl _P3_5
                                     54 	.globl _P3_4
                                     55 	.globl _P3_3
                                     56 	.globl _P3_2
                                     57 	.globl _P3_1
                                     58 	.globl _P3_0
                                     59 	.globl _EA
                                     60 	.globl _ET2
                                     61 	.globl _ES
                                     62 	.globl _ET1
                                     63 	.globl _EX1
                                     64 	.globl _ET0
                                     65 	.globl _EX0
                                     66 	.globl _P2_7
                                     67 	.globl _P2_6
                                     68 	.globl _P2_5
                                     69 	.globl _P2_4
                                     70 	.globl _P2_3
                                     71 	.globl _P2_2
                                     72 	.globl _P2_1
                                     73 	.globl _P2_0
                                     74 	.globl _SM0
                                     75 	.globl _SM1
                                     76 	.globl _SM2
                                     77 	.globl _REN
                                     78 	.globl _TB8
                                     79 	.globl _RB8
                                     80 	.globl _TI
                                     81 	.globl _RI
                                     82 	.globl _T2EX
                                     83 	.globl _T2
                                     84 	.globl _P1_7
                                     85 	.globl _P1_6
                                     86 	.globl _P1_5
                                     87 	.globl _P1_4
                                     88 	.globl _P1_3
                                     89 	.globl _P1_2
                                     90 	.globl _P1_1
                                     91 	.globl _P1_0
                                     92 	.globl _TF1
                                     93 	.globl _TR1
                                     94 	.globl _TF0
                                     95 	.globl _TR0
                                     96 	.globl _IE1
                                     97 	.globl _IT1
                                     98 	.globl _IE0
                                     99 	.globl _IT0
                                    100 	.globl _P0_7
                                    101 	.globl _P0_6
                                    102 	.globl _P0_5
                                    103 	.globl _P0_4
                                    104 	.globl _P0_3
                                    105 	.globl _P0_2
                                    106 	.globl _P0_1
                                    107 	.globl _P0_0
                                    108 	.globl _B
                                    109 	.globl _A
                                    110 	.globl _ACC
                                    111 	.globl _PSW
                                    112 	.globl _TH2
                                    113 	.globl _TL2
                                    114 	.globl _RCAP2H
                                    115 	.globl _RCAP2L
                                    116 	.globl _T2MOD
                                    117 	.globl _T2CON
                                    118 	.globl _IP
                                    119 	.globl _P3
                                    120 	.globl _IE
                                    121 	.globl _P2
                                    122 	.globl _SBUF
                                    123 	.globl _SCON
                                    124 	.globl _P1
                                    125 	.globl _TH1
                                    126 	.globl _TH0
                                    127 	.globl _TL1
                                    128 	.globl _TL0
                                    129 	.globl _TMOD
                                    130 	.globl _TCON
                                    131 	.globl _PCON
                                    132 	.globl _DPH
                                    133 	.globl _DPL
                                    134 	.globl _SP
                                    135 	.globl _P0
                                    136 ;--------------------------------------------------------
                                    137 ; special function registers
                                    138 ;--------------------------------------------------------
                                    139 	.area RSEG    (ABS,DATA)
      000000                        140 	.org 0x0000
                           000080   141 G$P0$0$0 == 0x0080
                           000080   142 _P0	=	0x0080
                           000081   143 G$SP$0$0 == 0x0081
                           000081   144 _SP	=	0x0081
                           000082   145 G$DPL$0$0 == 0x0082
                           000082   146 _DPL	=	0x0082
                           000083   147 G$DPH$0$0 == 0x0083
                           000083   148 _DPH	=	0x0083
                           000087   149 G$PCON$0$0 == 0x0087
                           000087   150 _PCON	=	0x0087
                           000088   151 G$TCON$0$0 == 0x0088
                           000088   152 _TCON	=	0x0088
                           000089   153 G$TMOD$0$0 == 0x0089
                           000089   154 _TMOD	=	0x0089
                           00008A   155 G$TL0$0$0 == 0x008a
                           00008A   156 _TL0	=	0x008a
                           00008B   157 G$TL1$0$0 == 0x008b
                           00008B   158 _TL1	=	0x008b
                           00008C   159 G$TH0$0$0 == 0x008c
                           00008C   160 _TH0	=	0x008c
                           00008D   161 G$TH1$0$0 == 0x008d
                           00008D   162 _TH1	=	0x008d
                           000090   163 G$P1$0$0 == 0x0090
                           000090   164 _P1	=	0x0090
                           000098   165 G$SCON$0$0 == 0x0098
                           000098   166 _SCON	=	0x0098
                           000099   167 G$SBUF$0$0 == 0x0099
                           000099   168 _SBUF	=	0x0099
                           0000A0   169 G$P2$0$0 == 0x00a0
                           0000A0   170 _P2	=	0x00a0
                           0000A8   171 G$IE$0$0 == 0x00a8
                           0000A8   172 _IE	=	0x00a8
                           0000B0   173 G$P3$0$0 == 0x00b0
                           0000B0   174 _P3	=	0x00b0
                           0000B8   175 G$IP$0$0 == 0x00b8
                           0000B8   176 _IP	=	0x00b8
                           0000C8   177 G$T2CON$0$0 == 0x00c8
                           0000C8   178 _T2CON	=	0x00c8
                           0000C9   179 G$T2MOD$0$0 == 0x00c9
                           0000C9   180 _T2MOD	=	0x00c9
                           0000CA   181 G$RCAP2L$0$0 == 0x00ca
                           0000CA   182 _RCAP2L	=	0x00ca
                           0000CB   183 G$RCAP2H$0$0 == 0x00cb
                           0000CB   184 _RCAP2H	=	0x00cb
                           0000CC   185 G$TL2$0$0 == 0x00cc
                           0000CC   186 _TL2	=	0x00cc
                           0000CD   187 G$TH2$0$0 == 0x00cd
                           0000CD   188 _TH2	=	0x00cd
                           0000D0   189 G$PSW$0$0 == 0x00d0
                           0000D0   190 _PSW	=	0x00d0
                           0000E0   191 G$ACC$0$0 == 0x00e0
                           0000E0   192 _ACC	=	0x00e0
                           0000E0   193 G$A$0$0 == 0x00e0
                           0000E0   194 _A	=	0x00e0
                           0000F0   195 G$B$0$0 == 0x00f0
                           0000F0   196 _B	=	0x00f0
                                    197 ;--------------------------------------------------------
                                    198 ; special function bits
                                    199 ;--------------------------------------------------------
                                    200 	.area RSEG    (ABS,DATA)
      000000                        201 	.org 0x0000
                           000080   202 G$P0_0$0$0 == 0x0080
                           000080   203 _P0_0	=	0x0080
                           000081   204 G$P0_1$0$0 == 0x0081
                           000081   205 _P0_1	=	0x0081
                           000082   206 G$P0_2$0$0 == 0x0082
                           000082   207 _P0_2	=	0x0082
                           000083   208 G$P0_3$0$0 == 0x0083
                           000083   209 _P0_3	=	0x0083
                           000084   210 G$P0_4$0$0 == 0x0084
                           000084   211 _P0_4	=	0x0084
                           000085   212 G$P0_5$0$0 == 0x0085
                           000085   213 _P0_5	=	0x0085
                           000086   214 G$P0_6$0$0 == 0x0086
                           000086   215 _P0_6	=	0x0086
                           000087   216 G$P0_7$0$0 == 0x0087
                           000087   217 _P0_7	=	0x0087
                           000088   218 G$IT0$0$0 == 0x0088
                           000088   219 _IT0	=	0x0088
                           000089   220 G$IE0$0$0 == 0x0089
                           000089   221 _IE0	=	0x0089
                           00008A   222 G$IT1$0$0 == 0x008a
                           00008A   223 _IT1	=	0x008a
                           00008B   224 G$IE1$0$0 == 0x008b
                           00008B   225 _IE1	=	0x008b
                           00008C   226 G$TR0$0$0 == 0x008c
                           00008C   227 _TR0	=	0x008c
                           00008D   228 G$TF0$0$0 == 0x008d
                           00008D   229 _TF0	=	0x008d
                           00008E   230 G$TR1$0$0 == 0x008e
                           00008E   231 _TR1	=	0x008e
                           00008F   232 G$TF1$0$0 == 0x008f
                           00008F   233 _TF1	=	0x008f
                           000090   234 G$P1_0$0$0 == 0x0090
                           000090   235 _P1_0	=	0x0090
                           000091   236 G$P1_1$0$0 == 0x0091
                           000091   237 _P1_1	=	0x0091
                           000092   238 G$P1_2$0$0 == 0x0092
                           000092   239 _P1_2	=	0x0092
                           000093   240 G$P1_3$0$0 == 0x0093
                           000093   241 _P1_3	=	0x0093
                           000094   242 G$P1_4$0$0 == 0x0094
                           000094   243 _P1_4	=	0x0094
                           000095   244 G$P1_5$0$0 == 0x0095
                           000095   245 _P1_5	=	0x0095
                           000096   246 G$P1_6$0$0 == 0x0096
                           000096   247 _P1_6	=	0x0096
                           000097   248 G$P1_7$0$0 == 0x0097
                           000097   249 _P1_7	=	0x0097
                           000090   250 G$T2$0$0 == 0x0090
                           000090   251 _T2	=	0x0090
                           000091   252 G$T2EX$0$0 == 0x0091
                           000091   253 _T2EX	=	0x0091
                           000098   254 G$RI$0$0 == 0x0098
                           000098   255 _RI	=	0x0098
                           000099   256 G$TI$0$0 == 0x0099
                           000099   257 _TI	=	0x0099
                           00009A   258 G$RB8$0$0 == 0x009a
                           00009A   259 _RB8	=	0x009a
                           00009B   260 G$TB8$0$0 == 0x009b
                           00009B   261 _TB8	=	0x009b
                           00009C   262 G$REN$0$0 == 0x009c
                           00009C   263 _REN	=	0x009c
                           00009D   264 G$SM2$0$0 == 0x009d
                           00009D   265 _SM2	=	0x009d
                           00009E   266 G$SM1$0$0 == 0x009e
                           00009E   267 _SM1	=	0x009e
                           00009F   268 G$SM0$0$0 == 0x009f
                           00009F   269 _SM0	=	0x009f
                           0000A0   270 G$P2_0$0$0 == 0x00a0
                           0000A0   271 _P2_0	=	0x00a0
                           0000A1   272 G$P2_1$0$0 == 0x00a1
                           0000A1   273 _P2_1	=	0x00a1
                           0000A2   274 G$P2_2$0$0 == 0x00a2
                           0000A2   275 _P2_2	=	0x00a2
                           0000A3   276 G$P2_3$0$0 == 0x00a3
                           0000A3   277 _P2_3	=	0x00a3
                           0000A4   278 G$P2_4$0$0 == 0x00a4
                           0000A4   279 _P2_4	=	0x00a4
                           0000A5   280 G$P2_5$0$0 == 0x00a5
                           0000A5   281 _P2_5	=	0x00a5
                           0000A6   282 G$P2_6$0$0 == 0x00a6
                           0000A6   283 _P2_6	=	0x00a6
                           0000A7   284 G$P2_7$0$0 == 0x00a7
                           0000A7   285 _P2_7	=	0x00a7
                           0000A8   286 G$EX0$0$0 == 0x00a8
                           0000A8   287 _EX0	=	0x00a8
                           0000A9   288 G$ET0$0$0 == 0x00a9
                           0000A9   289 _ET0	=	0x00a9
                           0000AA   290 G$EX1$0$0 == 0x00aa
                           0000AA   291 _EX1	=	0x00aa
                           0000AB   292 G$ET1$0$0 == 0x00ab
                           0000AB   293 _ET1	=	0x00ab
                           0000AC   294 G$ES$0$0 == 0x00ac
                           0000AC   295 _ES	=	0x00ac
                           0000AD   296 G$ET2$0$0 == 0x00ad
                           0000AD   297 _ET2	=	0x00ad
                           0000AF   298 G$EA$0$0 == 0x00af
                           0000AF   299 _EA	=	0x00af
                           0000B0   300 G$P3_0$0$0 == 0x00b0
                           0000B0   301 _P3_0	=	0x00b0
                           0000B1   302 G$P3_1$0$0 == 0x00b1
                           0000B1   303 _P3_1	=	0x00b1
                           0000B2   304 G$P3_2$0$0 == 0x00b2
                           0000B2   305 _P3_2	=	0x00b2
                           0000B3   306 G$P3_3$0$0 == 0x00b3
                           0000B3   307 _P3_3	=	0x00b3
                           0000B4   308 G$P3_4$0$0 == 0x00b4
                           0000B4   309 _P3_4	=	0x00b4
                           0000B5   310 G$P3_5$0$0 == 0x00b5
                           0000B5   311 _P3_5	=	0x00b5
                           0000B6   312 G$P3_6$0$0 == 0x00b6
                           0000B6   313 _P3_6	=	0x00b6
                           0000B7   314 G$P3_7$0$0 == 0x00b7
                           0000B7   315 _P3_7	=	0x00b7
                           0000B0   316 G$RXD$0$0 == 0x00b0
                           0000B0   317 _RXD	=	0x00b0
                           0000B1   318 G$TXD$0$0 == 0x00b1
                           0000B1   319 _TXD	=	0x00b1
                           0000B2   320 G$INT0$0$0 == 0x00b2
                           0000B2   321 _INT0	=	0x00b2
                           0000B3   322 G$INT1$0$0 == 0x00b3
                           0000B3   323 _INT1	=	0x00b3
                           0000B4   324 G$T0$0$0 == 0x00b4
                           0000B4   325 _T0	=	0x00b4
                           0000B5   326 G$T1$0$0 == 0x00b5
                           0000B5   327 _T1	=	0x00b5
                           0000B6   328 G$WR$0$0 == 0x00b6
                           0000B6   329 _WR	=	0x00b6
                           0000B7   330 G$RD$0$0 == 0x00b7
                           0000B7   331 _RD	=	0x00b7
                           0000B8   332 G$PX0$0$0 == 0x00b8
                           0000B8   333 _PX0	=	0x00b8
                           0000B9   334 G$PT0$0$0 == 0x00b9
                           0000B9   335 _PT0	=	0x00b9
                           0000BA   336 G$PX1$0$0 == 0x00ba
                           0000BA   337 _PX1	=	0x00ba
                           0000BB   338 G$PT1$0$0 == 0x00bb
                           0000BB   339 _PT1	=	0x00bb
                           0000BC   340 G$PS$0$0 == 0x00bc
                           0000BC   341 _PS	=	0x00bc
                           0000BD   342 G$PT2$0$0 == 0x00bd
                           0000BD   343 _PT2	=	0x00bd
                           0000C8   344 G$T2CON_0$0$0 == 0x00c8
                           0000C8   345 _T2CON_0	=	0x00c8
                           0000C9   346 G$T2CON_1$0$0 == 0x00c9
                           0000C9   347 _T2CON_1	=	0x00c9
                           0000CA   348 G$T2CON_2$0$0 == 0x00ca
                           0000CA   349 _T2CON_2	=	0x00ca
                           0000CB   350 G$T2CON_3$0$0 == 0x00cb
                           0000CB   351 _T2CON_3	=	0x00cb
                           0000CC   352 G$T2CON_4$0$0 == 0x00cc
                           0000CC   353 _T2CON_4	=	0x00cc
                           0000CD   354 G$T2CON_5$0$0 == 0x00cd
                           0000CD   355 _T2CON_5	=	0x00cd
                           0000CE   356 G$T2CON_6$0$0 == 0x00ce
                           0000CE   357 _T2CON_6	=	0x00ce
                           0000CF   358 G$T2CON_7$0$0 == 0x00cf
                           0000CF   359 _T2CON_7	=	0x00cf
                           0000C8   360 G$CP_RL2$0$0 == 0x00c8
                           0000C8   361 _CP_RL2	=	0x00c8
                           0000C9   362 G$C_T2$0$0 == 0x00c9
                           0000C9   363 _C_T2	=	0x00c9
                           0000CA   364 G$TR2$0$0 == 0x00ca
                           0000CA   365 _TR2	=	0x00ca
                           0000CB   366 G$EXEN2$0$0 == 0x00cb
                           0000CB   367 _EXEN2	=	0x00cb
                           0000CC   368 G$TCLK$0$0 == 0x00cc
                           0000CC   369 _TCLK	=	0x00cc
                           0000CD   370 G$RCLK$0$0 == 0x00cd
                           0000CD   371 _RCLK	=	0x00cd
                           0000CE   372 G$EXF2$0$0 == 0x00ce
                           0000CE   373 _EXF2	=	0x00ce
                           0000CF   374 G$TF2$0$0 == 0x00cf
                           0000CF   375 _TF2	=	0x00cf
                           0000D0   376 G$P$0$0 == 0x00d0
                           0000D0   377 _P	=	0x00d0
                           0000D1   378 G$FL$0$0 == 0x00d1
                           0000D1   379 _FL	=	0x00d1
                           0000D2   380 G$OV$0$0 == 0x00d2
                           0000D2   381 _OV	=	0x00d2
                           0000D3   382 G$RS0$0$0 == 0x00d3
                           0000D3   383 _RS0	=	0x00d3
                           0000D4   384 G$RS1$0$0 == 0x00d4
                           0000D4   385 _RS1	=	0x00d4
                           0000D5   386 G$F0$0$0 == 0x00d5
                           0000D5   387 _F0	=	0x00d5
                           0000D6   388 G$AC$0$0 == 0x00d6
                           0000D6   389 _AC	=	0x00d6
                           0000D7   390 G$CY$0$0 == 0x00d7
                           0000D7   391 _CY	=	0x00d7
                                    392 ;--------------------------------------------------------
                                    393 ; overlayable register banks
                                    394 ;--------------------------------------------------------
                                    395 	.area REG_BANK_0	(REL,OVR,DATA)
      000000                        396 	.ds 8
                                    397 ;--------------------------------------------------------
                                    398 ; internal ram data
                                    399 ;--------------------------------------------------------
                                    400 	.area DSEG    (DATA)
                                    401 ;--------------------------------------------------------
                                    402 ; overlayable items in internal ram 
                                    403 ;--------------------------------------------------------
                                    404 ;--------------------------------------------------------
                                    405 ; Stack segment in internal ram 
                                    406 ;--------------------------------------------------------
                                    407 	.area	SSEG
      000000                        408 __start__stack:
      000000                        409 	.ds	1
                                    410 
                                    411 ;--------------------------------------------------------
                                    412 ; indirectly addressable internal ram data
                                    413 ;--------------------------------------------------------
                                    414 	.area ISEG    (DATA)
                                    415 ;--------------------------------------------------------
                                    416 ; absolute internal ram data
                                    417 ;--------------------------------------------------------
                                    418 	.area IABS    (ABS,DATA)
                                    419 	.area IABS    (ABS,DATA)
                                    420 ;--------------------------------------------------------
                                    421 ; bit data
                                    422 ;--------------------------------------------------------
                                    423 	.area BSEG    (BIT)
                                    424 ;--------------------------------------------------------
                                    425 ; paged external ram data
                                    426 ;--------------------------------------------------------
                                    427 	.area PSEG    (PAG,XDATA)
                                    428 ;--------------------------------------------------------
                                    429 ; external ram data
                                    430 ;--------------------------------------------------------
                                    431 	.area XSEG    (XDATA)
                                    432 ;--------------------------------------------------------
                                    433 ; absolute external ram data
                                    434 ;--------------------------------------------------------
                                    435 	.area XABS    (ABS,XDATA)
                                    436 ;--------------------------------------------------------
                                    437 ; external initialized ram data
                                    438 ;--------------------------------------------------------
                                    439 	.area XISEG   (XDATA)
                                    440 	.area HOME    (CODE)
                                    441 	.area GSINIT0 (CODE)
                                    442 	.area GSINIT1 (CODE)
                                    443 	.area GSINIT2 (CODE)
                                    444 	.area GSINIT3 (CODE)
                                    445 	.area GSINIT4 (CODE)
                                    446 	.area GSINIT5 (CODE)
                                    447 	.area GSINIT  (CODE)
                                    448 	.area GSFINAL (CODE)
                                    449 	.area CSEG    (CODE)
                                    450 ;--------------------------------------------------------
                                    451 ; interrupt vector 
                                    452 ;--------------------------------------------------------
                                    453 	.area HOME    (CODE)
      000000                        454 __interrupt_vect:
      000000 02r00r00         [24]  455 	ljmp	__sdcc_gsinit_startup
                                    456 ;--------------------------------------------------------
                                    457 ; global & static initialisations
                                    458 ;--------------------------------------------------------
                                    459 	.area HOME    (CODE)
                                    460 	.area GSINIT  (CODE)
                                    461 	.area GSFINAL (CODE)
                                    462 	.area GSINIT  (CODE)
                                    463 	.globl __sdcc_gsinit_startup
                                    464 	.globl __sdcc_program_startup
                                    465 	.globl __start__stack
                                    466 	.globl __mcs51_genXINIT
                                    467 	.globl __mcs51_genXRAMCLEAR
                                    468 	.globl __mcs51_genRAMCLEAR
                                    469 	.area GSFINAL (CODE)
      000000 02r00r03         [24]  470 	ljmp	__sdcc_program_startup
                                    471 ;--------------------------------------------------------
                                    472 ; Home
                                    473 ;--------------------------------------------------------
                                    474 	.area HOME    (CODE)
                                    475 	.area HOME    (CODE)
      000003                        476 __sdcc_program_startup:
      000003 02r00r00         [24]  477 	ljmp	_main
                                    478 ;	return from main will return to caller
                                    479 ;--------------------------------------------------------
                                    480 ; code
                                    481 ;--------------------------------------------------------
                                    482 	.area CSEG    (CODE)
                                    483 ;------------------------------------------------------------
                                    484 ;Allocation info for local variables in function 'main'
                                    485 ;------------------------------------------------------------
                           000000   486 	G$main$0$0 ==.
                           000000   487 	C$serial.c$3$0$0 ==.
                                    488 ;	serial.c:3: void main(void)
                                    489 ;	-----------------------------------------
                                    490 ;	 function main
                                    491 ;	-----------------------------------------
      000000                        492 _main:
                           000007   493 	ar7 = 0x07
                           000006   494 	ar6 = 0x06
                           000005   495 	ar5 = 0x05
                           000004   496 	ar4 = 0x04
                           000003   497 	ar3 = 0x03
                           000002   498 	ar2 = 0x02
                           000001   499 	ar1 = 0x01
                           000000   500 	ar0 = 0x00
                           000000   501 	C$serial.c$5$1$2 ==.
                                    502 ;	serial.c:5: TMOD=0x20;
      000000 75 89 20         [24]  503 	mov	_TMOD,#0x20
                           000003   504 	C$serial.c$6$1$2 ==.
                                    505 ;	serial.c:6: TH1=0xFA; //4800 baud rate
      000003 75 8D FA         [24]  506 	mov	_TH1,#0xFA
                           000006   507 	C$serial.c$7$1$2 ==.
                                    508 ;	serial.c:7: SCON=0x50;
      000006 75 98 50         [24]  509 	mov	_SCON,#0x50
                           000009   510 	C$serial.c$8$1$2 ==.
                                    511 ;	serial.c:8: TR1=1;
      000009 D2 8E            [12]  512 	setb	_TR1
                           00000B   513 	C$serial.c$9$1$2 ==.
                                    514 ;	serial.c:9: SBUF='A';
      00000B 75 99 41         [24]  515 	mov	_SBUF,#0x41
                           00000E   516 	C$serial.c$10$1$2 ==.
                                    517 ;	serial.c:10: while(TI==0);
      00000E                        518 00101$:
                           00000E   519 	C$serial.c$11$1$2 ==.
                                    520 ;	serial.c:11: TI=0;
      00000E 10 99 02         [24]  521 	jbc	_TI,00112$
      000011 80 FB            [24]  522 	sjmp	00101$
      000013                        523 00112$:
                           000013   524 	C$serial.c$12$1$2 ==.
                           000013   525 	XG$main$0$0 ==.
      000013 22               [24]  526 	ret
                                    527 	.area CSEG    (CODE)
                                    528 	.area CONST   (CODE)
                                    529 	.area XINIT   (CODE)
                                    530 	.area CABS    (ABS,CODE)
