sim_time  curr_event  next_req(a,s)  num_waiting  next_event
0.3774  ARRIVAL     (INF,INF)   0   NONE
0.687021  ARRIVAL     (INF,INF)   0   DEPARTURE
0.742542  ARRIVAL     (INF,INF)   0   DEPARTURE
0.973445  ARRIVAL     (INF,INF)   0   DEPARTURE
1.18775  ARRIVAL     (INF,INF)   0   DEPARTURE
1.22004  ARRIVAL     (INF,INF)   0   DEPARTURE
1.36067  ARRIVAL     (INF,INF)   0   DEPARTURE
1.47774  DEPARTURE   (INF,INF)   0   ARRIVAL
1.73484  ARRIVAL     (INF,INF)   0   DEPARTURE
1.79186  ARRIVAL     (INF,INF)   0   DEPARTURE
1.89207  ARRIVAL     (INF,INF)   0   DEPARTURE
2.09443  ARRIVAL     (INF,INF)   0   DEPARTURE
2.23683  DEPARTURE   (INF,INF)   0   ARRIVAL
2.48831  ARRIVAL     (INF,INF)   0   DEPARTURE
2.71191  DEPARTURE   (INF,INF)   0   ARRIVAL
2.84336  ARRIVAL     (INF,INF)   0   DEPARTURE
3.03907  DEPARTURE   (INF,INF)   0   ARRIVAL
3.03909  ARRIVAL     (INF,INF)   0   DEPARTURE
3.41643  ARRIVAL     (INF,INF)   0   DEPARTURE
3.53399  ARRIVAL     (3.41643,1.86401)   1   DEPARTURE
3.55451  DEPARTURE   (3.41643,1.86401)   2   ARRIVAL
3.6636  ARRIVAL     (3.53399,0.534178)   1   DEPARTURE
3.69807  ARRIVAL     (3.53399,0.534178)   2   DEPARTURE
3.72879  DEPARTURE   (3.53399,0.534178)   3   ARRIVAL
3.84122  ARRIVAL     (3.6636,3.92582)   2   DEPARTURE
3.95558  ARRIVAL     (3.6636,3.92582)   3   DEPARTURE
3.96736  ARRIVAL     (3.6636,3.92582)   4   DEPARTURE
4.13793  ARRIVAL     (3.6636,3.92582)   5   DEPARTURE
4.30352  DEPARTURE   (3.6636,3.92582)   6   ARRIVAL
4.31001  ARRIVAL     (3.69807,1.01731)   5   DEPARTURE
4.42143  ARRIVAL     (3.69807,1.01731)   6   DEPARTURE
4.57028  ARRIVAL     (3.69807,1.01731)   7   DEPARTURE
4.77339  ARRIVAL     (3.69807,1.01731)   8   DEPARTURE
4.79715  DEPARTURE   (3.69807,1.01731)   9   DEPARTURE
4.86869  DEPARTURE   (3.84122,4.05838)   8   ARRIVAL
5.02153  ARRIVAL     (3.95558,3.81325)   7   DEPARTURE
5.03301  DEPARTURE   (3.95558,3.81325)   8   ARRIVAL
5.33729  ARRIVAL     (3.96736,5.32782)   7   DEPARTURE
5.59232  DEPARTURE   (3.96736,5.32782)   8   ARRIVAL
5.61031  ARRIVAL     (4.13793,3.24422)   7   DEPARTURE
5.89719  ARRIVAL     (4.13793,3.24422)   8   DEPARTURE
6.20847  DEPARTURE   (4.13793,3.24422)   9   ARRIVAL
6.26179  ARRIVAL     (4.31001,5.04295)   8   DEPARTURE
6.51666  DEPARTURE   (4.31001,5.04295)   9   ARRIVAL
6.61671  ARRIVAL     (4.42143,0.359555)   8   DEPARTURE
6.66329  DEPARTURE   (4.42143,0.359555)   9   DEPARTURE
6.83177  DEPARTURE   (4.57028,0.0389444)   8   ARRIVAL
6.84151  ARRIVAL     (4.77339,5.7047)   7   DEPARTURE
6.90966  DEPARTURE   (4.77339,5.7047)   8   ARRIVAL
6.93371  ARRIVAL     (5.02153,5.41737)   7   DEPARTURE
6.99167  DEPARTURE   (5.02153,5.41737)   8   ARRIVAL
7.18041  ARRIVAL     (5.33729,4.09105)   7   DEPARTURE
7.28253  DEPARTURE   (5.33729,4.09105)   8   DEPARTURE
7.3824  DEPARTURE   (5.61031,0.561198)   7   ARRIVAL
7.51387  ARRIVAL     (5.89719,4.05323)   6   DEPARTURE
7.72665  ARRIVAL     (5.89719,4.05323)   7   DEPARTURE
8.12441  ARRIVAL     (5.89719,4.05323)   8   DEPARTURE
8.50479  DEPARTURE   (5.89719,4.05323)   9   ARRIVAL
8.51903  ARRIVAL     (6.26179,4.09139)   8   DEPARTURE
8.74119  ARRIVAL     (6.26179,4.09139)   9   DEPARTURE
8.84984  ARRIVAL     (6.26179,4.09139)   10   DEPARTURE
9.13251  ARRIVAL     (6.26179,4.09139)   10   DEPARTURE
9.2628  ARRIVAL     (6.26179,4.09139)   10   DEPARTURE
9.51444  ARRIVAL     (6.26179,4.09139)   10   DEPARTURE
9.89419  ARRIVAL     (6.26179,4.09139)   10   DEPARTURE
10.0453  ARRIVAL     (6.26179,4.09139)   10   DEPARTURE
10.1343  ARRIVAL     (6.26179,4.09139)   10   DEPARTURE
10.1914  ARRIVAL     (6.26179,4.09139)   10   DEPARTURE
10.5009  ARRIVAL     (6.26179,4.09139)   10   DEPARTURE
10.8276  ARRIVAL     (6.26179,4.09139)   10   DEPARTURE
11.192  ARRIVAL     (6.26179,4.09139)   10   DEPARTURE
11.5673  ARRIVAL     (6.26179,4.09139)   10   DEPARTURE
11.7251  ARRIVAL     (6.26179,4.09139)   10   DEPARTURE
12.0483  ARRIVAL     (6.26179,4.09139)   10   DEPARTURE
12.1552  DEPARTURE   (6.26179,4.09139)   10   ARRIVAL
12.3373  ARRIVAL     (6.61671,1.69384)   9   DEPARTURE
12.6595  DEPARTURE   (6.61671,1.69384)   10   DEPARTURE
12.6969  DEPARTURE   (6.84151,1.90877)   9   ARRIVAL
12.7313  ARRIVAL     (6.93371,5.823)   8   DEPARTURE
12.9854  DEPARTURE   (6.93371,5.823)   9   ARRIVAL
13.003  ARRIVAL     (7.18041,5.17269)   8   DEPARTURE
13.2985  ARRIVAL     (7.18041,5.17269)   9   DEPARTURE
13.4838  ARRIVAL     (7.18041,5.17269)   10   DEPARTURE
13.8678  ARRIVAL     (7.18041,5.17269)   10   DEPARTURE
14.2466  ARRIVAL     (7.18041,5.17269)   10   DEPARTURE
14.5222  ARRIVAL     (7.18041,5.17269)   10   DEPARTURE
14.8792  ARRIVAL     (7.18041,5.17269)   10   DEPARTURE
15.2784  ARRIVAL     (7.18041,5.17269)   10   DEPARTURE
15.4646  DEPARTURE   (7.18041,5.17269)   10   ARRIVAL
15.4994  ARRIVAL     (7.51387,0.0507105)   9   DEPARTURE
15.7662  ARRIVAL     (7.51387,0.0507105)   10   DEPARTURE
15.8736  ARRIVAL     (7.51387,0.0507105)   10   DEPARTURE
15.9905  ARRIVAL     (7.51387,0.0507105)   10   DEPARTURE
16.0472  DEPARTURE   (7.51387,0.0507105)   10   ARRIVAL
16.1193  ARRIVAL     (7.72665,3.99237)   9   DEPARTURE
16.1486  DEPARTURE   (7.72665,3.99237)   10   DEPARTURE
16.248  DEPARTURE   (8.12441,5.48053)   9   ARRIVAL
16.4119  ARRIVAL     (8.51903,7.16927)   8   DEPARTURE
16.5145  DEPARTURE   (8.51903,7.16927)   9   DEPARTURE
16.6026  DEPARTURE   (8.74119,2.14782)   8   DEPARTURE
16.6112  DEPARTURE   (12.3373,4.57109)   7   ARRIVAL
16.7755  ARRIVAL     (12.7313,6.601)   6   DEPARTURE
16.962  ARRIVAL     (12.7313,6.601)   7   DEPARTURE
17.0073  ARRIVAL     (12.7313,6.601)   8   DEPARTURE
17.2125  ARRIVAL     (12.7313,6.601)   9   DEPARTURE
17.5461  ARRIVAL     (12.7313,6.601)   10   DEPARTURE
17.8056  ARRIVAL     (12.7313,6.601)   10   DEPARTURE
17.8264  DEPARTURE   (12.7313,6.601)   10   ARRIVAL
18.1309  ARRIVAL     (13.003,7.00827)   9   DEPARTURE
18.2708  ARRIVAL     (13.003,7.00827)   10   DEPARTURE
18.3191  DEPARTURE   (13.003,7.00827)   10   ARRIVAL
18.6521  ARRIVAL     (13.2985,0.178012)   9   DEPARTURE
18.8132  ARRIVAL     (13.2985,0.178012)   10   DEPARTURE
19.2031  ARRIVAL     (13.2985,0.178012)   10   DEPARTURE
19.4107  ARRIVAL     (13.2985,0.178012)   10   DEPARTURE
19.5764  ARRIVAL     (13.2985,0.178012)   10   DEPARTURE
19.6622  ARRIVAL     (13.2985,0.178012)   10   DEPARTURE
19.7069  ARRIVAL     (13.2985,0.178012)   10   DEPARTURE
20.0792  ARRIVAL     (13.2985,0.178012)   10   DEPARTURE
20.338  DEPARTURE   (13.2985,0.178012)   10   ARRIVAL
20.4146  ARRIVAL     (15.4994,4.1954)   9   DEPARTURE
20.694  DEPARTURE   (15.4994,4.1954)   10   ARRIVAL
20.6941  ARRIVAL     (16.1193,8.95227)   9   DEPARTURE
20.805  ARRIVAL     (16.1193,8.95227)   10   DEPARTURE
20.8283  ARRIVAL     (16.1193,8.95227)   10   DEPARTURE
20.8982  DEPARTURE   (16.1193,8.95227)   10   ARRIVAL
21.2121  ARRIVAL     (16.4119,1.88042)   9   DEPARTURE
21.5705  ARRIVAL     (16.4119,1.88042)   10   DEPARTURE
21.5841  ARRIVAL     (16.4119,1.88042)   10   DEPARTURE
21.6634  ARRIVAL     (16.4119,1.88042)   10   DEPARTURE
22.0156  ARRIVAL     (16.4119,1.88042)   10   DEPARTURE
22.1701  ARRIVAL     (16.4119,1.88042)   10   DEPARTURE
22.3736  ARRIVAL     (16.4119,1.88042)   10   DEPARTURE
22.7201  ARRIVAL     (16.4119,1.88042)   10   DEPARTURE
22.7685  ARRIVAL     (16.4119,1.88042)   10   DEPARTURE
23.1476  ARRIVAL     (16.4119,1.88042)   10   DEPARTURE
23.5202  ARRIVAL     (16.4119,1.88042)   10   DEPARTURE
23.6674  ARRIVAL     (16.4119,1.88042)   10   DEPARTURE
24.0401  ARRIVAL     (16.4119,1.88042)   10   DEPARTURE
24.1077  ARRIVAL     (16.4119,1.88042)   10   DEPARTURE
24.1333  DEPARTURE   (16.4119,1.88042)   10   ARRIVAL
24.2945  ARRIVAL     (16.7755,8.06677)   9   DEPARTURE
24.5895  ARRIVAL     (16.7755,8.06677)   10   DEPARTURE
24.6315  DEPARTURE   (16.7755,8.06677)   10   ARRIVAL
24.64  ARRIVAL     (16.962,2.31434)   9   DEPARTURE
24.9907  ARRIVAL     (16.962,2.31434)   10   DEPARTURE
25.0046  ARRIVAL     (16.962,2.31434)   10   DEPARTURE
25.1807  ARRIVAL     (16.962,2.31434)   10   DEPARTURE
25.2593  ARRIVAL     (16.962,2.31434)   10   DEPARTURE
25.5157  ARRIVAL     (16.962,2.31434)   10   DEPARTURE
25.6271  ARRIVAL     (16.962,2.31434)   10   DEPARTURE
25.6343  ARRIVAL     (16.962,2.31434)   10   DEPARTURE
25.7534  DEPARTURE   (16.962,2.31434)   10   DEPARTURE
25.81  DEPARTURE   (17.0073,3.04059)   9   ARRIVAL
25.9117  ARRIVAL     (17.2125,6.24755)   8   DEPARTURE
26.265  ARRIVAL     (17.2125,6.24755)   9   DEPARTURE
26.4826  ARRIVAL     (17.2125,6.24755)   10   DEPARTURE
27.209  DEPARTURE   (17.2125,6.24755)   10   DEPARTURE
27.8942  DEPARTURE   (18.1309,1.8624)   9   DEPARTURE
29.0848  DEPARTURE   (18.6521,5.22405)   8   DEPARTURE
30.3821  DEPARTURE   (20.4146,3.52498)   7   DEPARTURE
30.853  DEPARTURE   (20.6941,5.07194)   6   DEPARTURE
31.0284  DEPARTURE   (21.2121,1.02159)   5   DEPARTURE
31.619  DEPARTURE   (24.2945,1.52348)   4   DEPARTURE
31.8912  DEPARTURE   (24.64,2.58425)   3   DEPARTURE
32.3356  DEPARTURE   (25.9117,1.2642)   2   DEPARTURE
33.0716  DEPARTURE   (26.265,2.84948)   1   DEPARTURE
34.6659  DEPARTURE   (INF,INF)   0   DEPARTURE
34.864  DEPARTURE   (INF,INF)   0   DEPARTURE
37.0597  DEPARTURE   (INF,INF)   0   DEPARTURE
37.4321  DEPARTURE   (INF,INF)   0   DEPARTURE
38.7705  DEPARTURE   (INF,INF)   0   DEPARTURE
38.8027  DEPARTURE   (INF,INF)   0   DEPARTURE
39.5329  DEPARTURE   (INF,INF)   0   DEPARTURE
39.7041  DEPARTURE   (INF,INF)   0   DEPARTURE
40.765  DEPARTURE   (INF,INF)   0   DEPARTURE
40.9969  DEPARTURE   (INF,INF)   0   NONE
Number of requests arrived (including dropped):117
Number of requests serviced:60
Number of requests dropped:57
Average waiting time:4.18146
Average service time:6.16044
90%ile of waiting time:8.80272
Maximum waiting time:10.4327
Max queue length reached:10
Average operating speed of the server:0.5
90%ile of speed:0.5